{"/Users/franciscoloboflores/Desktop/ISDI MASTER/Fran_Lobo_Back-Final-Project-202205-MAD/dist/controllers/game.controller.js": {"path":"/Users/franciscoloboflores/Desktop/ISDI MASTER/Fran_Lobo_Back-Final-Project-202205-MAD/dist/controllers/game.controller.js","statementMap":{"0":{"start":{"line":4,"column":8},"end":{"line":4,"column":27}},"1":{"start":{"line":6,"column":13},"end":{"line":10,"column":5}},"2":{"start":{"line":7,"column":8},"end":{"line":7,"column":59}},"3":{"start":{"line":8,"column":22},"end":{"line":8,"column":45}},"4":{"start":{"line":9,"column":8},"end":{"line":9,"column":40}},"5":{"start":{"line":11,"column":14},"end":{"line":19,"column":5}},"6":{"start":{"line":12,"column":8},"end":{"line":12,"column":59}},"7":{"start":{"line":13,"column":23},"end":{"line":13,"column":63}},"8":{"start":{"line":14,"column":8},"end":{"line":17,"column":9}},"9":{"start":{"line":15,"column":12},"end":{"line":15,"column":29}},"10":{"start":{"line":16,"column":12},"end":{"line":16,"column":38}},"11":{"start":{"line":18,"column":8},"end":{"line":18,"column":41}},"12":{"start":{"line":20,"column":11},"end":{"line":30,"column":5}},"13":{"start":{"line":21,"column":8},"end":{"line":21,"column":59}},"14":{"start":{"line":22,"column":8},"end":{"line":22,"column":25}},"15":{"start":{"line":23,"column":8},"end":{"line":29,"column":9}},"16":{"start":{"line":24,"column":28},"end":{"line":24,"column":61}},"17":{"start":{"line":25,"column":12},"end":{"line":25,"column":47}},"18":{"start":{"line":28,"column":12},"end":{"line":28,"column":24}},"19":{"start":{"line":31,"column":12},"end":{"line":44,"column":5}},"20":{"start":{"line":32,"column":8},"end":{"line":32,"column":59}},"21":{"start":{"line":33,"column":8},"end":{"line":43,"column":9}},"22":{"start":{"line":34,"column":32},"end":{"line":34,"column":106}},"23":{"start":{"line":35,"column":12},"end":{"line":38,"column":13}},"24":{"start":{"line":36,"column":16},"end":{"line":36,"column":33}},"25":{"start":{"line":37,"column":16},"end":{"line":37,"column":42}},"26":{"start":{"line":39,"column":12},"end":{"line":39,"column":50}},"27":{"start":{"line":42,"column":12},"end":{"line":42,"column":24}},"28":{"start":{"line":45,"column":13},"end":{"line":55,"column":5}},"29":{"start":{"line":46,"column":8},"end":{"line":46,"column":59}},"30":{"start":{"line":47,"column":28},"end":{"line":47,"column":77}},"31":{"start":{"line":48,"column":8},"end":{"line":54,"column":9}},"32":{"start":{"line":49,"column":12},"end":{"line":49,"column":29}},"33":{"start":{"line":50,"column":12},"end":{"line":50,"column":39}},"34":{"start":{"line":53,"column":12},"end":{"line":53,"column":63}}},"fnMap":{"0":{"name":"(anonymous_0)","decl":{"start":{"line":3,"column":4},"end":{"line":3,"column":5}},"loc":{"start":{"line":3,"column":23},"end":{"line":5,"column":5}},"line":3},"1":{"name":"(anonymous_1)","decl":{"start":{"line":6,"column":13},"end":{"line":6,"column":14}},"loc":{"start":{"line":6,"column":40},"end":{"line":10,"column":5}},"line":6},"2":{"name":"(anonymous_2)","decl":{"start":{"line":11,"column":14},"end":{"line":11,"column":15}},"loc":{"start":{"line":11,"column":41},"end":{"line":19,"column":5}},"line":11},"3":{"name":"(anonymous_3)","decl":{"start":{"line":20,"column":11},"end":{"line":20,"column":12}},"loc":{"start":{"line":20,"column":38},"end":{"line":30,"column":5}},"line":20},"4":{"name":"(anonymous_4)","decl":{"start":{"line":31,"column":12},"end":{"line":31,"column":13}},"loc":{"start":{"line":31,"column":39},"end":{"line":44,"column":5}},"line":31},"5":{"name":"(anonymous_5)","decl":{"start":{"line":45,"column":13},"end":{"line":45,"column":14}},"loc":{"start":{"line":45,"column":40},"end":{"line":55,"column":5}},"line":45}},"branchMap":{"0":{"loc":{"start":{"line":14,"column":8},"end":{"line":17,"column":9}},"type":"if","locations":[{"start":{"line":14,"column":8},"end":{"line":17,"column":9}},{"start":{},"end":{}}],"line":14},"1":{"loc":{"start":{"line":35,"column":12},"end":{"line":38,"column":13}},"type":"if","locations":[{"start":{"line":35,"column":12},"end":{"line":38,"column":13}},{"start":{},"end":{}}],"line":35},"2":{"loc":{"start":{"line":48,"column":8},"end":{"line":54,"column":9}},"type":"if","locations":[{"start":{"line":48,"column":8},"end":{"line":54,"column":9}},{"start":{"line":52,"column":13},"end":{"line":54,"column":9}}],"line":48}},"s":{"0":1,"1":1,"2":1,"3":1,"4":1,"5":1,"6":2,"7":2,"8":2,"9":1,"10":1,"11":2,"12":1,"13":2,"14":2,"15":2,"16":2,"17":1,"18":1,"19":1,"20":1,"21":1,"22":1,"23":1,"24":0,"25":0,"26":1,"27":0,"28":1,"29":2,"30":2,"31":2,"32":1,"33":1,"34":1},"f":{"0":1,"1":1,"2":2,"3":2,"4":1,"5":2},"b":{"0":[1,1],"1":[0,1],"2":[1,1]},"_coverageSchema":"1a1c01bbd47fc00a2c39e90264f33305004495a9","hash":"7d1a4ea82f1c5c3d62dc5210b0a9899b5ba012b3"}
}
