{"/Users/franciscoloboflores/Desktop/ISDI MASTER/Fran_Lobo_Back-Final-Project-202205-MAD/dist/index.js": {"path":"/Users/franciscoloboflores/Desktop/ISDI MASTER/Fran_Lobo_Back-Final-Project-202205-MAD/dist/index.js","statementMap":{"0":{"start":{"line":3,"column":13},"end":{"line":3,"column":37}},"1":{"start":{"line":4,"column":16},"end":{"line":4,"column":25}},"2":{"start":{"line":5,"column":20},"end":{"line":11,"column":1}},"3":{"start":{"line":6,"column":15},"end":{"line":6,"column":31}},"4":{"start":{"line":7,"column":15},"end":{"line":9,"column":28}},"5":{"start":{"line":10,"column":4},"end":{"line":10,"column":39}},"6":{"start":{"line":12,"column":0},"end":{"line":12,"column":22}},"7":{"start":{"line":13,"column":22},"end":{"line":13,"column":44}},"8":{"start":{"line":14,"column":0},"end":{"line":14,"column":28}},"9":{"start":{"line":15,"column":0},"end":{"line":15,"column":36}},"10":{"start":{"line":16,"column":0},"end":{"line":16,"column":20}}},"fnMap":{"0":{"name":"(anonymous_0)","decl":{"start":{"line":4,"column":16},"end":{"line":4,"column":17}},"loc":{"start":{"line":4,"column":22},"end":{"line":4,"column":25}},"line":4},"1":{"name":"(anonymous_1)","decl":{"start":{"line":5,"column":20},"end":{"line":5,"column":21}},"loc":{"start":{"line":5,"column":26},"end":{"line":11,"column":1}},"line":5}},"branchMap":{"0":{"loc":{"start":{"line":3,"column":13},"end":{"line":3,"column":37}},"type":"binary-expr","locations":[{"start":{"line":3,"column":13},"end":{"line":3,"column":29}},{"start":{"line":3,"column":33},"end":{"line":3,"column":37}}],"line":3},"1":{"loc":{"start":{"line":7,"column":15},"end":{"line":9,"column":28}},"type":"cond-expr","locations":[{"start":{"line":8,"column":10},"end":{"line":8,"column":23}},{"start":{"line":9,"column":10},"end":{"line":9,"column":28}}],"line":7}},"s":{"0":1,"1":1,"2":1,"3":0,"4":0,"5":0,"6":1,"7":1,"8":1,"9":1,"10":1},"f":{"0":1,"1":0},"b":{"0":[1,1],"1":[0,0]},"_coverageSchema":"1a1c01bbd47fc00a2c39e90264f33305004495a9","hash":"2f93f98572850a1be9de205da2f9142c21a03e4a"}
,"/Users/franciscoloboflores/Desktop/ISDI MASTER/Fran_Lobo_Back-Final-Project-202205-MAD/dist/controllers/game.controller.js": {"path":"/Users/franciscoloboflores/Desktop/ISDI MASTER/Fran_Lobo_Back-Final-Project-202205-MAD/dist/controllers/game.controller.js","statementMap":{"0":{"start":{"line":7,"column":8},"end":{"line":7,"column":27}},"1":{"start":{"line":9,"column":13},"end":{"line":13,"column":5}},"2":{"start":{"line":10,"column":8},"end":{"line":10,"column":59}},"3":{"start":{"line":11,"column":22},"end":{"line":11,"column":45}},"4":{"start":{"line":12,"column":8},"end":{"line":12,"column":40}},"5":{"start":{"line":14,"column":14},"end":{"line":22,"column":5}},"6":{"start":{"line":15,"column":8},"end":{"line":15,"column":59}},"7":{"start":{"line":16,"column":23},"end":{"line":16,"column":63}},"8":{"start":{"line":17,"column":8},"end":{"line":20,"column":9}},"9":{"start":{"line":18,"column":12},"end":{"line":18,"column":29}},"10":{"start":{"line":19,"column":12},"end":{"line":19,"column":38}},"11":{"start":{"line":21,"column":8},"end":{"line":21,"column":41}},"12":{"start":{"line":23,"column":11},"end":{"line":33,"column":5}},"13":{"start":{"line":24,"column":8},"end":{"line":24,"column":59}},"14":{"start":{"line":25,"column":8},"end":{"line":25,"column":25}},"15":{"start":{"line":26,"column":8},"end":{"line":32,"column":9}},"16":{"start":{"line":27,"column":28},"end":{"line":27,"column":61}},"17":{"start":{"line":28,"column":12},"end":{"line":28,"column":46}},"18":{"start":{"line":31,"column":12},"end":{"line":31,"column":24}},"19":{"start":{"line":34,"column":15},"end":{"line":47,"column":5}},"20":{"start":{"line":35,"column":8},"end":{"line":35,"column":59}},"21":{"start":{"line":36,"column":8},"end":{"line":36,"column":25}},"22":{"start":{"line":37,"column":27},"end":{"line":37,"column":35}},"23":{"start":{"line":38,"column":8},"end":{"line":46,"column":9}},"24":{"start":{"line":39,"column":27},"end":{"line":41,"column":14}},"25":{"start":{"line":40,"column":16},"end":{"line":40,"column":40}},"26":{"start":{"line":42,"column":12},"end":{"line":42,"column":45}},"27":{"start":{"line":45,"column":12},"end":{"line":45,"column":24}},"28":{"start":{"line":48,"column":12},"end":{"line":62,"column":5}},"29":{"start":{"line":49,"column":8},"end":{"line":49,"column":59}},"30":{"start":{"line":50,"column":8},"end":{"line":50,"column":29}},"31":{"start":{"line":51,"column":8},"end":{"line":61,"column":9}},"32":{"start":{"line":52,"column":32},"end":{"line":52,"column":106}},"33":{"start":{"line":53,"column":12},"end":{"line":56,"column":13}},"34":{"start":{"line":54,"column":16},"end":{"line":54,"column":33}},"35":{"start":{"line":55,"column":16},"end":{"line":55,"column":42}},"36":{"start":{"line":57,"column":12},"end":{"line":57,"column":50}},"37":{"start":{"line":60,"column":12},"end":{"line":60,"column":24}},"38":{"start":{"line":63,"column":13},"end":{"line":74,"column":5}},"39":{"start":{"line":64,"column":8},"end":{"line":64,"column":59}},"40":{"start":{"line":65,"column":8},"end":{"line":65,"column":29}},"41":{"start":{"line":66,"column":28},"end":{"line":66,"column":77}},"42":{"start":{"line":67,"column":8},"end":{"line":73,"column":9}},"43":{"start":{"line":68,"column":12},"end":{"line":68,"column":29}},"44":{"start":{"line":69,"column":12},"end":{"line":69,"column":39}},"45":{"start":{"line":72,"column":12},"end":{"line":72,"column":63}}},"fnMap":{"0":{"name":"(anonymous_0)","decl":{"start":{"line":6,"column":4},"end":{"line":6,"column":5}},"loc":{"start":{"line":6,"column":23},"end":{"line":8,"column":5}},"line":6},"1":{"name":"(anonymous_1)","decl":{"start":{"line":9,"column":13},"end":{"line":9,"column":14}},"loc":{"start":{"line":9,"column":34},"end":{"line":13,"column":5}},"line":9},"2":{"name":"(anonymous_2)","decl":{"start":{"line":14,"column":14},"end":{"line":14,"column":15}},"loc":{"start":{"line":14,"column":35},"end":{"line":22,"column":5}},"line":14},"3":{"name":"(anonymous_3)","decl":{"start":{"line":23,"column":11},"end":{"line":23,"column":12}},"loc":{"start":{"line":23,"column":38},"end":{"line":33,"column":5}},"line":23},"4":{"name":"(anonymous_4)","decl":{"start":{"line":34,"column":15},"end":{"line":34,"column":16}},"loc":{"start":{"line":34,"column":42},"end":{"line":47,"column":5}},"line":34},"5":{"name":"(anonymous_5)","decl":{"start":{"line":39,"column":42},"end":{"line":39,"column":43}},"loc":{"start":{"line":39,"column":52},"end":{"line":41,"column":13}},"line":39},"6":{"name":"(anonymous_6)","decl":{"start":{"line":48,"column":12},"end":{"line":48,"column":13}},"loc":{"start":{"line":48,"column":39},"end":{"line":62,"column":5}},"line":48},"7":{"name":"(anonymous_7)","decl":{"start":{"line":63,"column":13},"end":{"line":63,"column":14}},"loc":{"start":{"line":63,"column":34},"end":{"line":74,"column":5}},"line":63}},"branchMap":{"0":{"loc":{"start":{"line":17,"column":8},"end":{"line":20,"column":9}},"type":"if","locations":[{"start":{"line":17,"column":8},"end":{"line":20,"column":9}},{"start":{},"end":{}}],"line":17},"1":{"loc":{"start":{"line":53,"column":12},"end":{"line":56,"column":13}},"type":"if","locations":[{"start":{"line":53,"column":12},"end":{"line":56,"column":13}},{"start":{},"end":{}}],"line":53},"2":{"loc":{"start":{"line":67,"column":8},"end":{"line":73,"column":9}},"type":"if","locations":[{"start":{"line":67,"column":8},"end":{"line":73,"column":9}},{"start":{"line":71,"column":13},"end":{"line":73,"column":9}}],"line":67}},"s":{"0":1,"1":1,"2":0,"3":0,"4":0,"5":1,"6":0,"7":0,"8":0,"9":0,"10":0,"11":0,"12":1,"13":0,"14":0,"15":0,"16":0,"17":0,"18":0,"19":1,"20":0,"21":0,"22":0,"23":0,"24":0,"25":0,"26":0,"27":0,"28":1,"29":0,"30":0,"31":0,"32":0,"33":0,"34":0,"35":0,"36":0,"37":0,"38":1,"39":0,"40":0,"41":0,"42":0,"43":0,"44":0,"45":0},"f":{"0":1,"1":0,"2":0,"3":0,"4":0,"5":0,"6":0,"7":0},"b":{"0":[0,0],"1":[0,0],"2":[0,0]},"_coverageSchema":"1a1c01bbd47fc00a2c39e90264f33305004495a9","hash":"af9fccfe07b98d5428a0eec301a7655b89c5e81d"}
,"/Users/franciscoloboflores/Desktop/ISDI MASTER/Fran_Lobo_Back-Final-Project-202205-MAD/dist/controllers/review.controller.js": {"path":"/Users/franciscoloboflores/Desktop/ISDI MASTER/Fran_Lobo_Back-Final-Project-202205-MAD/dist/controllers/review.controller.js","statementMap":{"0":{"start":{"line":4,"column":8},"end":{"line":4,"column":27}},"1":{"start":{"line":6,"column":13},"end":{"line":13,"column":5}},"2":{"start":{"line":7,"column":8},"end":{"line":7,"column":59}},"3":{"start":{"line":8,"column":24},"end":{"line":11,"column":31}},"4":{"start":{"line":12,"column":8},"end":{"line":12,"column":42}},"5":{"start":{"line":14,"column":14},"end":{"line":27,"column":5}},"6":{"start":{"line":15,"column":8},"end":{"line":15,"column":59}},"7":{"start":{"line":16,"column":23},"end":{"line":19,"column":31}},"8":{"start":{"line":20,"column":8},"end":{"line":26,"column":9}},"9":{"start":{"line":21,"column":12},"end":{"line":21,"column":29}},"10":{"start":{"line":22,"column":12},"end":{"line":22,"column":40}},"11":{"start":{"line":25,"column":12},"end":{"line":25,"column":45}},"12":{"start":{"line":28,"column":11},"end":{"line":42,"column":5}},"13":{"start":{"line":29,"column":8},"end":{"line":29,"column":59}},"14":{"start":{"line":30,"column":8},"end":{"line":30,"column":25}},"15":{"start":{"line":31,"column":8},"end":{"line":41,"column":9}},"16":{"start":{"line":32,"column":28},"end":{"line":32,"column":61}},"17":{"start":{"line":33,"column":32},"end":{"line":36,"column":35}},"18":{"start":{"line":37,"column":12},"end":{"line":37,"column":50}},"19":{"start":{"line":40,"column":12},"end":{"line":40,"column":24}},"20":{"start":{"line":43,"column":12},"end":{"line":61,"column":5}},"21":{"start":{"line":44,"column":8},"end":{"line":44,"column":59}},"22":{"start":{"line":45,"column":8},"end":{"line":60,"column":9}},"23":{"start":{"line":46,"column":32},"end":{"line":49,"column":35}},"24":{"start":{"line":50,"column":12},"end":{"line":56,"column":13}},"25":{"start":{"line":51,"column":16},"end":{"line":51,"column":33}},"26":{"start":{"line":52,"column":16},"end":{"line":52,"column":44}},"27":{"start":{"line":55,"column":16},"end":{"line":55,"column":54}},"28":{"start":{"line":59,"column":12},"end":{"line":59,"column":24}},"29":{"start":{"line":62,"column":13},"end":{"line":72,"column":5}},"30":{"start":{"line":63,"column":8},"end":{"line":63,"column":59}},"31":{"start":{"line":64,"column":28},"end":{"line":64,"column":77}},"32":{"start":{"line":65,"column":8},"end":{"line":71,"column":9}},"33":{"start":{"line":66,"column":12},"end":{"line":66,"column":29}},"34":{"start":{"line":67,"column":12},"end":{"line":67,"column":41}},"35":{"start":{"line":70,"column":12},"end":{"line":70,"column":63}}},"fnMap":{"0":{"name":"(anonymous_0)","decl":{"start":{"line":3,"column":4},"end":{"line":3,"column":5}},"loc":{"start":{"line":3,"column":23},"end":{"line":5,"column":5}},"line":3},"1":{"name":"(anonymous_1)","decl":{"start":{"line":6,"column":13},"end":{"line":6,"column":14}},"loc":{"start":{"line":6,"column":40},"end":{"line":13,"column":5}},"line":6},"2":{"name":"(anonymous_2)","decl":{"start":{"line":14,"column":14},"end":{"line":14,"column":15}},"loc":{"start":{"line":14,"column":41},"end":{"line":27,"column":5}},"line":14},"3":{"name":"(anonymous_3)","decl":{"start":{"line":28,"column":11},"end":{"line":28,"column":12}},"loc":{"start":{"line":28,"column":38},"end":{"line":42,"column":5}},"line":28},"4":{"name":"(anonymous_4)","decl":{"start":{"line":43,"column":12},"end":{"line":43,"column":13}},"loc":{"start":{"line":43,"column":39},"end":{"line":61,"column":5}},"line":43},"5":{"name":"(anonymous_5)","decl":{"start":{"line":62,"column":13},"end":{"line":62,"column":14}},"loc":{"start":{"line":62,"column":40},"end":{"line":72,"column":5}},"line":62}},"branchMap":{"0":{"loc":{"start":{"line":20,"column":8},"end":{"line":26,"column":9}},"type":"if","locations":[{"start":{"line":20,"column":8},"end":{"line":26,"column":9}},{"start":{"line":24,"column":13},"end":{"line":26,"column":9}}],"line":20},"1":{"loc":{"start":{"line":50,"column":12},"end":{"line":56,"column":13}},"type":"if","locations":[{"start":{"line":50,"column":12},"end":{"line":56,"column":13}},{"start":{"line":54,"column":17},"end":{"line":56,"column":13}}],"line":50},"2":{"loc":{"start":{"line":65,"column":8},"end":{"line":71,"column":9}},"type":"if","locations":[{"start":{"line":65,"column":8},"end":{"line":71,"column":9}},{"start":{"line":69,"column":13},"end":{"line":71,"column":9}}],"line":65}},"s":{"0":1,"1":1,"2":2,"3":2,"4":2,"5":1,"6":0,"7":0,"8":0,"9":0,"10":0,"11":0,"12":1,"13":1,"14":1,"15":1,"16":1,"17":1,"18":1,"19":0,"20":1,"21":1,"22":1,"23":1,"24":1,"25":0,"26":0,"27":1,"28":0,"29":1,"30":1,"31":1,"32":1,"33":0,"34":0,"35":1},"f":{"0":1,"1":2,"2":0,"3":1,"4":1,"5":1},"b":{"0":[0,0],"1":[0,1],"2":[0,1]},"_coverageSchema":"1a1c01bbd47fc00a2c39e90264f33305004495a9","hash":"76b42d8e855250bad2a6e2ffe2d153cefb9d5d59"}
,"/Users/franciscoloboflores/Desktop/ISDI MASTER/Fran_Lobo_Back-Final-Project-202205-MAD/dist/controllers/user.controller.js": {"path":"/Users/franciscoloboflores/Desktop/ISDI MASTER/Fran_Lobo_Back-Final-Project-202205-MAD/dist/controllers/user.controller.js","statementMap":{"0":{"start":{"line":5,"column":8},"end":{"line":5,"column":27}},"1":{"start":{"line":7,"column":13},"end":{"line":11,"column":5}},"2":{"start":{"line":8,"column":8},"end":{"line":8,"column":59}},"3":{"start":{"line":9,"column":21},"end":{"line":9,"column":44}},"4":{"start":{"line":10,"column":8},"end":{"line":10,"column":39}},"5":{"start":{"line":12,"column":14},"end":{"line":24,"column":5}},"6":{"start":{"line":13,"column":8},"end":{"line":13,"column":59}},"7":{"start":{"line":14,"column":23},"end":{"line":16,"column":33}},"8":{"start":{"line":17,"column":8},"end":{"line":23,"column":9}},"9":{"start":{"line":18,"column":12},"end":{"line":18,"column":29}},"10":{"start":{"line":19,"column":12},"end":{"line":19,"column":38}},"11":{"start":{"line":22,"column":12},"end":{"line":22,"column":45}},"12":{"start":{"line":25,"column":19},"end":{"line":39,"column":5}},"13":{"start":{"line":27,"column":8},"end":{"line":35,"column":9}},"14":{"start":{"line":28,"column":12},"end":{"line":28,"column":69}},"15":{"start":{"line":29,"column":12},"end":{"line":29,"column":56}},"16":{"start":{"line":32,"column":12},"end":{"line":32,"column":58}},"17":{"start":{"line":33,"column":12},"end":{"line":33,"column":24}},"18":{"start":{"line":34,"column":12},"end":{"line":34,"column":19}},"19":{"start":{"line":36,"column":8},"end":{"line":36,"column":59}},"20":{"start":{"line":37,"column":8},"end":{"line":37,"column":25}},"21":{"start":{"line":38,"column":8},"end":{"line":38,"column":42}},"22":{"start":{"line":40,"column":12},"end":{"line":55,"column":5}},"23":{"start":{"line":41,"column":8},"end":{"line":41,"column":59}},"24":{"start":{"line":42,"column":8},"end":{"line":54,"column":9}},"25":{"start":{"line":43,"column":32},"end":{"line":43,"column":106}},"26":{"start":{"line":44,"column":12},"end":{"line":50,"column":13}},"27":{"start":{"line":45,"column":16},"end":{"line":45,"column":33}},"28":{"start":{"line":46,"column":16},"end":{"line":46,"column":42}},"29":{"start":{"line":49,"column":16},"end":{"line":49,"column":54}},"30":{"start":{"line":53,"column":12},"end":{"line":53,"column":24}},"31":{"start":{"line":56,"column":13},"end":{"line":66,"column":5}},"32":{"start":{"line":57,"column":8},"end":{"line":57,"column":59}},"33":{"start":{"line":58,"column":28},"end":{"line":58,"column":77}},"34":{"start":{"line":59,"column":8},"end":{"line":65,"column":9}},"35":{"start":{"line":60,"column":12},"end":{"line":60,"column":29}},"36":{"start":{"line":61,"column":12},"end":{"line":61,"column":39}},"37":{"start":{"line":64,"column":12},"end":{"line":64,"column":63}},"38":{"start":{"line":67,"column":22},"end":{"line":87,"column":5}},"39":{"start":{"line":68,"column":25},"end":{"line":70,"column":10}},"40":{"start":{"line":71,"column":8},"end":{"line":77,"column":9}},"41":{"start":{"line":73,"column":26},"end":{"line":73,"column":63}},"42":{"start":{"line":74,"column":12},"end":{"line":74,"column":50}},"43":{"start":{"line":75,"column":12},"end":{"line":75,"column":24}},"44":{"start":{"line":76,"column":12},"end":{"line":76,"column":19}},"45":{"start":{"line":78,"column":29},"end":{"line":82,"column":9}},"46":{"start":{"line":83,"column":22},"end":{"line":83,"column":51}},"47":{"start":{"line":84,"column":8},"end":{"line":84,"column":59}},"48":{"start":{"line":85,"column":8},"end":{"line":85,"column":25}},"49":{"start":{"line":86,"column":8},"end":{"line":86,"column":61}}},"fnMap":{"0":{"name":"(anonymous_0)","decl":{"start":{"line":4,"column":4},"end":{"line":4,"column":5}},"loc":{"start":{"line":4,"column":23},"end":{"line":6,"column":5}},"line":4},"1":{"name":"(anonymous_1)","decl":{"start":{"line":7,"column":13},"end":{"line":7,"column":14}},"loc":{"start":{"line":7,"column":40},"end":{"line":11,"column":5}},"line":7},"2":{"name":"(anonymous_2)","decl":{"start":{"line":12,"column":14},"end":{"line":12,"column":15}},"loc":{"start":{"line":12,"column":41},"end":{"line":24,"column":5}},"line":12},"3":{"name":"(anonymous_3)","decl":{"start":{"line":25,"column":19},"end":{"line":25,"column":20}},"loc":{"start":{"line":25,"column":46},"end":{"line":39,"column":5}},"line":25},"4":{"name":"(anonymous_4)","decl":{"start":{"line":40,"column":12},"end":{"line":40,"column":13}},"loc":{"start":{"line":40,"column":39},"end":{"line":55,"column":5}},"line":40},"5":{"name":"(anonymous_5)","decl":{"start":{"line":56,"column":13},"end":{"line":56,"column":14}},"loc":{"start":{"line":56,"column":40},"end":{"line":66,"column":5}},"line":56},"6":{"name":"(anonymous_6)","decl":{"start":{"line":67,"column":22},"end":{"line":67,"column":23}},"loc":{"start":{"line":67,"column":49},"end":{"line":87,"column":5}},"line":67}},"branchMap":{"0":{"loc":{"start":{"line":17,"column":8},"end":{"line":23,"column":9}},"type":"if","locations":[{"start":{"line":17,"column":8},"end":{"line":23,"column":9}},{"start":{"line":21,"column":13},"end":{"line":23,"column":9}}],"line":17},"1":{"loc":{"start":{"line":44,"column":12},"end":{"line":50,"column":13}},"type":"if","locations":[{"start":{"line":44,"column":12},"end":{"line":50,"column":13}},{"start":{"line":48,"column":17},"end":{"line":50,"column":13}}],"line":44},"2":{"loc":{"start":{"line":59,"column":8},"end":{"line":65,"column":9}},"type":"if","locations":[{"start":{"line":59,"column":8},"end":{"line":65,"column":9}},{"start":{"line":63,"column":13},"end":{"line":65,"column":9}}],"line":59},"3":{"loc":{"start":{"line":71,"column":8},"end":{"line":77,"column":9}},"type":"if","locations":[{"start":{"line":71,"column":8},"end":{"line":77,"column":9}},{"start":{},"end":{}}],"line":71},"4":{"loc":{"start":{"line":71,"column":12},"end":{"line":72,"column":70}},"type":"binary-expr","locations":[{"start":{"line":71,"column":12},"end":{"line":71,"column":21}},{"start":{"line":72,"column":12},"end":{"line":72,"column":70}}],"line":71}},"s":{"0":1,"1":1,"2":0,"3":0,"4":0,"5":1,"6":0,"7":0,"8":0,"9":0,"10":0,"11":0,"12":1,"13":0,"14":0,"15":0,"16":0,"17":0,"18":0,"19":0,"20":0,"21":0,"22":1,"23":0,"24":0,"25":0,"26":0,"27":0,"28":0,"29":0,"30":0,"31":1,"32":0,"33":0,"34":0,"35":0,"36":0,"37":0,"38":1,"39":0,"40":0,"41":0,"42":0,"43":0,"44":0,"45":0,"46":0,"47":0,"48":0,"49":0},"f":{"0":1,"1":0,"2":0,"3":0,"4":0,"5":0,"6":0},"b":{"0":[0,0],"1":[0,0],"2":[0,0],"3":[0,0],"4":[0,0]},"_coverageSchema":"1a1c01bbd47fc00a2c39e90264f33305004495a9","hash":"23be488d0cbc591fd41bb68f88cc2f11387ae9c8"}
,"/Users/franciscoloboflores/Desktop/ISDI MASTER/Fran_Lobo_Back-Final-Project-202205-MAD/dist/db/init.db.js": {"path":"/Users/franciscoloboflores/Desktop/ISDI MASTER/Fran_Lobo_Back-Final-Project-202205-MAD/dist/db/init.db.js","statementMap":{"0":{"start":{"line":7,"column":13},"end":{"line":32,"column":1}},"1":{"start":{"line":33,"column":14},"end":{"line":49,"column":1}},"2":{"start":{"line":50,"column":12},"end":{"line":141,"column":1}},"3":{"start":{"line":142,"column":22},"end":{"line":181,"column":1}},"4":{"start":{"line":143,"column":20},"end":{"line":143,"column":43}},"5":{"start":{"line":144,"column":4},"end":{"line":144,"column":30}},"6":{"start":{"line":145,"column":4},"end":{"line":145,"column":30}},"7":{"start":{"line":146,"column":4},"end":{"line":146,"column":32}},"8":{"start":{"line":160,"column":21},"end":{"line":162,"column":6}},"9":{"start":{"line":161,"column":8},"end":{"line":161,"column":67}},"10":{"start":{"line":163,"column":4},"end":{"line":163,"column":41}},"11":{"start":{"line":164,"column":18},"end":{"line":164,"column":47}},"12":{"start":{"line":165,"column":18},"end":{"line":165,"column":46}},"13":{"start":{"line":166,"column":4},"end":{"line":173,"column":7}},"14":{"start":{"line":167,"column":8},"end":{"line":167,"column":34}},"15":{"start":{"line":168,"column":8},"end":{"line":172,"column":10}},"16":{"start":{"line":174,"column":20},"end":{"line":174,"column":52}},"17":{"start":{"line":175,"column":4},"end":{"line":175,"column":25}},"18":{"start":{"line":176,"column":4},"end":{"line":180,"column":6}}},"fnMap":{"0":{"name":"(anonymous_0)","decl":{"start":{"line":142,"column":22},"end":{"line":142,"column":23}},"loc":{"start":{"line":142,"column":34},"end":{"line":181,"column":1}},"line":142},"1":{"name":"(anonymous_1)","decl":{"start":{"line":160,"column":32},"end":{"line":160,"column":33}},"loc":{"start":{"line":160,"column":48},"end":{"line":162,"column":5}},"line":160},"2":{"name":"(anonymous_2)","decl":{"start":{"line":166,"column":26},"end":{"line":166,"column":27}},"loc":{"start":{"line":166,"column":45},"end":{"line":173,"column":5}},"line":166}},"branchMap":{},"s":{"0":1,"1":1,"2":1,"3":1,"4":1,"5":1,"6":1,"7":1,"8":1,"9":3,"10":1,"11":1,"12":1,"13":1,"14":3,"15":3,"16":1,"17":1,"18":1},"f":{"0":1,"1":3,"2":3},"b":{},"_coverageSchema":"1a1c01bbd47fc00a2c39e90264f33305004495a9","hash":"4146d2b744d445582c432858717503e7e0b27f17"}
,"/Users/franciscoloboflores/Desktop/ISDI MASTER/Fran_Lobo_Back-Final-Project-202205-MAD/dist/db/mongoose.js": {"path":"/Users/franciscoloboflores/Desktop/ISDI MASTER/Fran_Lobo_Back-Final-Project-202205-MAD/dist/db/mongoose.js","statementMap":{"0":{"start":{"line":3,"column":0},"end":{"line":3,"column":16}},"1":{"start":{"line":4,"column":31},"end":{"line":10,"column":1}},"2":{"start":{"line":5,"column":16},"end":{"line":7,"column":31}},"3":{"start":{"line":8,"column":4},"end":{"line":8,"column":25}},"4":{"start":{"line":9,"column":4},"end":{"line":9,"column":33}}},"fnMap":{"0":{"name":"(anonymous_0)","decl":{"start":{"line":4,"column":31},"end":{"line":4,"column":32}},"loc":{"start":{"line":4,"column":43},"end":{"line":10,"column":1}},"line":4}},"branchMap":{"0":{"loc":{"start":{"line":5,"column":16},"end":{"line":7,"column":31}},"type":"cond-expr","locations":[{"start":{"line":6,"column":10},"end":{"line":6,"column":36}},{"start":{"line":7,"column":10},"end":{"line":7,"column":31}}],"line":5}},"s":{"0":1,"1":1,"2":9,"3":9,"4":9},"f":{"0":9},"b":{"0":[9,0]},"_coverageSchema":"1a1c01bbd47fc00a2c39e90264f33305004495a9","hash":"19317e91ffcf94425db3999af02a455e3c580088"}
,"/Users/franciscoloboflores/Desktop/ISDI MASTER/Fran_Lobo_Back-Final-Project-202205-MAD/dist/middleware/login-required.js": {"path":"/Users/franciscoloboflores/Desktop/ISDI MASTER/Fran_Lobo_Back-Final-Project-202205-MAD/dist/middleware/login-required.js","statementMap":{"0":{"start":{"line":2,"column":29},"end":{"line":22,"column":1}},"1":{"start":{"line":3,"column":26},"end":{"line":3,"column":50}},"2":{"start":{"line":5,"column":23},"end":{"line":5,"column":60}},"3":{"start":{"line":6,"column":4},"end":{"line":6,"column":35}},"4":{"start":{"line":8,"column":4},"end":{"line":21,"column":5}},"5":{"start":{"line":9,"column":8},"end":{"line":9,"column":43}},"6":{"start":{"line":10,"column":8},"end":{"line":10,"column":46}},"7":{"start":{"line":11,"column":8},"end":{"line":17,"column":9}},"8":{"start":{"line":12,"column":12},"end":{"line":12,"column":29}},"9":{"start":{"line":15,"column":12},"end":{"line":15,"column":44}},"10":{"start":{"line":16,"column":12},"end":{"line":16,"column":19}},"11":{"start":{"line":20,"column":8},"end":{"line":20,"column":25}}},"fnMap":{"0":{"name":"(anonymous_0)","decl":{"start":{"line":2,"column":29},"end":{"line":2,"column":30}},"loc":{"start":{"line":2,"column":50},"end":{"line":22,"column":1}},"line":2}},"branchMap":{"0":{"loc":{"start":{"line":8,"column":4},"end":{"line":21,"column":5}},"type":"if","locations":[{"start":{"line":8,"column":4},"end":{"line":21,"column":5}},{"start":{"line":19,"column":9},"end":{"line":21,"column":5}}],"line":8},"1":{"loc":{"start":{"line":8,"column":8},"end":{"line":8,"column":73}},"type":"binary-expr","locations":[{"start":{"line":8,"column":8},"end":{"line":8,"column":21}},{"start":{"line":8,"column":25},"end":{"line":8,"column":73}}],"line":8},"2":{"loc":{"start":{"line":11,"column":8},"end":{"line":17,"column":9}},"type":"if","locations":[{"start":{"line":11,"column":8},"end":{"line":17,"column":9}},{"start":{"line":14,"column":13},"end":{"line":17,"column":9}}],"line":11}},"s":{"0":1,"1":3,"2":3,"3":3,"4":3,"5":3,"6":3,"7":3,"8":0,"9":3,"10":3,"11":0},"f":{"0":3},"b":{"0":[3,0],"1":[3,3],"2":[0,3]},"_coverageSchema":"1a1c01bbd47fc00a2c39e90264f33305004495a9","hash":"48bfbcd980da226083480b4292fc24f6ebf395fb"}
,"/Users/franciscoloboflores/Desktop/ISDI MASTER/Fran_Lobo_Back-Final-Project-202205-MAD/dist/middleware/user-required.js": {"path":"/Users/franciscoloboflores/Desktop/ISDI MASTER/Fran_Lobo_Back-Final-Project-202205-MAD/dist/middleware/user-required.js","statementMap":{"0":{"start":{"line":2,"column":38},"end":{"line":11,"column":1}},"1":{"start":{"line":3,"column":19},"end":{"line":3,"column":38}},"2":{"start":{"line":4,"column":17},"end":{"line":4,"column":53}},"3":{"start":{"line":5,"column":4},"end":{"line":9,"column":5}},"4":{"start":{"line":6,"column":22},"end":{"line":6,"column":77}},"5":{"start":{"line":7,"column":8},"end":{"line":7,"column":46}},"6":{"start":{"line":8,"column":8},"end":{"line":8,"column":20}},"7":{"start":{"line":10,"column":4},"end":{"line":10,"column":11}}},"fnMap":{"0":{"name":"(anonymous_0)","decl":{"start":{"line":2,"column":38},"end":{"line":2,"column":39}},"loc":{"start":{"line":2,"column":65},"end":{"line":11,"column":1}},"line":2}},"branchMap":{"0":{"loc":{"start":{"line":5,"column":4},"end":{"line":9,"column":5}},"type":"if","locations":[{"start":{"line":5,"column":4},"end":{"line":9,"column":5}},{"start":{},"end":{}}],"line":5},"1":{"loc":{"start":{"line":5,"column":8},"end":{"line":5,"column":43}},"type":"binary-expr","locations":[{"start":{"line":5,"column":8},"end":{"line":5,"column":21}},{"start":{"line":5,"column":25},"end":{"line":5,"column":43}}],"line":5}},"s":{"0":1,"1":3,"2":3,"3":3,"4":0,"5":0,"6":0,"7":3},"f":{"0":3},"b":{"0":[0,3],"1":[3,3]},"_coverageSchema":"1a1c01bbd47fc00a2c39e90264f33305004495a9","hash":"93230510263e12cbd15c8bab39bb1d4893a99795"}
,"/Users/franciscoloboflores/Desktop/ISDI MASTER/Fran_Lobo_Back-Final-Project-202205-MAD/dist/models/game.model.js": {"path":"/Users/franciscoloboflores/Desktop/ISDI MASTER/Fran_Lobo_Back-Final-Project-202205-MAD/dist/models/game.model.js","statementMap":{"0":{"start":{"line":3,"column":0},"end":{"line":5,"column":5}},"1":{"start":{"line":4,"column":4},"end":{"line":4,"column":28}},"2":{"start":{"line":6,"column":19},"end":{"line":24,"column":2}},"3":{"start":{"line":25,"column":20},"end":{"line":25,"column":54}}},"fnMap":{"0":{"name":"(anonymous_0)","decl":{"start":{"line":3,"column":1},"end":{"line":3,"column":2}},"loc":{"start":{"line":3,"column":13},"end":{"line":5,"column":1}},"line":3}},"branchMap":{},"s":{"0":1,"1":1,"2":1,"3":1},"f":{"0":1},"b":{},"_coverageSchema":"1a1c01bbd47fc00a2c39e90264f33305004495a9","hash":"88130aaa56ca7a79ecb45b61992dd53cd3bd4ee8"}
,"/Users/franciscoloboflores/Desktop/ISDI MASTER/Fran_Lobo_Back-Final-Project-202205-MAD/dist/models/review.model.js": {"path":"/Users/franciscoloboflores/Desktop/ISDI MASTER/Fran_Lobo_Back-Final-Project-202205-MAD/dist/models/review.model.js","statementMap":{"0":{"start":{"line":3,"column":0},"end":{"line":5,"column":5}},"1":{"start":{"line":4,"column":4},"end":{"line":4,"column":28}},"2":{"start":{"line":6,"column":21},"end":{"line":22,"column":2}},"3":{"start":{"line":23,"column":22},"end":{"line":23,"column":60}}},"fnMap":{"0":{"name":"(anonymous_0)","decl":{"start":{"line":3,"column":1},"end":{"line":3,"column":2}},"loc":{"start":{"line":3,"column":13},"end":{"line":5,"column":1}},"line":3}},"branchMap":{},"s":{"0":1,"1":1,"2":1,"3":1},"f":{"0":1},"b":{},"_coverageSchema":"1a1c01bbd47fc00a2c39e90264f33305004495a9","hash":"9cb6ff8c8aac3f83fdd5161c393302021f136a07"}
,"/Users/franciscoloboflores/Desktop/ISDI MASTER/Fran_Lobo_Back-Final-Project-202205-MAD/dist/models/user.model.js": {"path":"/Users/franciscoloboflores/Desktop/ISDI MASTER/Fran_Lobo_Back-Final-Project-202205-MAD/dist/models/user.model.js","statementMap":{"0":{"start":{"line":3,"column":0},"end":{"line":5,"column":5}},"1":{"start":{"line":4,"column":4},"end":{"line":4,"column":28}},"2":{"start":{"line":6,"column":19},"end":{"line":35,"column":2}},"3":{"start":{"line":36,"column":20},"end":{"line":36,"column":54}}},"fnMap":{"0":{"name":"(anonymous_0)","decl":{"start":{"line":3,"column":1},"end":{"line":3,"column":2}},"loc":{"start":{"line":3,"column":13},"end":{"line":5,"column":1}},"line":3}},"branchMap":{},"s":{"0":1,"1":1,"2":1,"3":1},"f":{"0":1},"b":{},"_coverageSchema":"1a1c01bbd47fc00a2c39e90264f33305004495a9","hash":"3bc9f90e385fbebc92a085b7d4b6ed72a1c6e3b4"}
,"/Users/franciscoloboflores/Desktop/ISDI MASTER/Fran_Lobo_Back-Final-Project-202205-MAD/dist/routers/game.router.js": {"path":"/Users/franciscoloboflores/Desktop/ISDI MASTER/Fran_Lobo_Back-Final-Project-202205-MAD/dist/routers/game.router.js","statementMap":{"0":{"start":{"line":4,"column":30},"end":{"line":4,"column":54}},"1":{"start":{"line":5,"column":26},"end":{"line":5,"column":34}},"2":{"start":{"line":6,"column":0},"end":{"line":6,"column":43}},"3":{"start":{"line":7,"column":0},"end":{"line":7,"column":47}},"4":{"start":{"line":8,"column":0},"end":{"line":8,"column":42}},"5":{"start":{"line":9,"column":0},"end":{"line":9,"column":50}},"6":{"start":{"line":10,"column":0},"end":{"line":10,"column":47}},"7":{"start":{"line":11,"column":0},"end":{"line":11,"column":49}}},"fnMap":{},"branchMap":{},"s":{"0":1,"1":1,"2":1,"3":1,"4":1,"5":1,"6":1,"7":1},"f":{},"b":{},"_coverageSchema":"1a1c01bbd47fc00a2c39e90264f33305004495a9","hash":"ce5ea03df520f857da3b649e795aa73a7cd037c8"}
,"/Users/franciscoloboflores/Desktop/ISDI MASTER/Fran_Lobo_Back-Final-Project-202205-MAD/dist/routers/review.router.js": {"path":"/Users/franciscoloboflores/Desktop/ISDI MASTER/Fran_Lobo_Back-Final-Project-202205-MAD/dist/routers/review.router.js","statementMap":{"0":{"start":{"line":6,"column":32},"end":{"line":6,"column":60}},"1":{"start":{"line":7,"column":28},"end":{"line":7,"column":36}},"2":{"start":{"line":8,"column":0},"end":{"line":8,"column":47}},"3":{"start":{"line":9,"column":0},"end":{"line":9,"column":51}},"4":{"start":{"line":10,"column":0},"end":{"line":10,"column":85}},"5":{"start":{"line":11,"column":0},"end":{"line":11,"column":90}},"6":{"start":{"line":12,"column":0},"end":{"line":12,"column":92}}},"fnMap":{},"branchMap":{},"s":{"0":1,"1":1,"2":1,"3":1,"4":1,"5":1,"6":1},"f":{},"b":{},"_coverageSchema":"1a1c01bbd47fc00a2c39e90264f33305004495a9","hash":"744fc483436ad9050ea0f47fb20abcb2ce6ad27b"}
,"/Users/franciscoloboflores/Desktop/ISDI MASTER/Fran_Lobo_Back-Final-Project-202205-MAD/dist/routers/user.router.js": {"path":"/Users/franciscoloboflores/Desktop/ISDI MASTER/Fran_Lobo_Back-Final-Project-202205-MAD/dist/routers/user.router.js","statementMap":{"0":{"start":{"line":6,"column":30},"end":{"line":6,"column":54}},"1":{"start":{"line":7,"column":26},"end":{"line":7,"column":34}},"2":{"start":{"line":8,"column":0},"end":{"line":8,"column":43}},"3":{"start":{"line":9,"column":0},"end":{"line":9,"column":86}},"4":{"start":{"line":10,"column":0},"end":{"line":10,"column":58}},"5":{"start":{"line":11,"column":0},"end":{"line":11,"column":50}},"6":{"start":{"line":12,"column":0},"end":{"line":12,"column":86}},"7":{"start":{"line":13,"column":0},"end":{"line":13,"column":88}}},"fnMap":{},"branchMap":{},"s":{"0":1,"1":1,"2":1,"3":1,"4":1,"5":1,"6":1,"7":1},"f":{},"b":{},"_coverageSchema":"1a1c01bbd47fc00a2c39e90264f33305004495a9","hash":"0c077b0e7f6d9869c89a54215eac3190276f636c"}
}
