TN:
SF:dist/index.js
FN:4,(anonymous_0)
FN:5,(anonymous_1)
FNF:2
FNH:1
FNDA:1,(anonymous_0)
FNDA:0,(anonymous_1)
DA:3,1
DA:4,1
DA:5,1
DA:6,0
DA:7,0
DA:10,0
DA:12,1
DA:13,1
DA:14,1
DA:15,1
DA:16,1
LF:11
LH:8
BRDA:3,0,0,1
BRDA:3,0,1,1
BRDA:7,1,0,0
BRDA:7,1,1,0
BRF:4
BRH:2
end_of_record
TN:
SF:dist/controllers/game.controller.js
FN:6,(anonymous_0)
FN:9,(anonymous_1)
FN:14,(anonymous_2)
FN:23,(anonymous_3)
FN:34,(anonymous_4)
FN:39,(anonymous_5)
FN:48,(anonymous_6)
FN:63,(anonymous_7)
FNF:8
FNH:1
FNDA:1,(anonymous_0)
FNDA:0,(anonymous_1)
FNDA:0,(anonymous_2)
FNDA:0,(anonymous_3)
FNDA:0,(anonymous_4)
FNDA:0,(anonymous_5)
FNDA:0,(anonymous_6)
FNDA:0,(anonymous_7)
DA:7,1
DA:9,1
DA:10,0
DA:11,0
DA:12,0
DA:14,1
DA:15,0
DA:16,0
DA:17,0
DA:18,0
DA:19,0
DA:21,0
DA:23,1
DA:24,0
DA:25,0
DA:26,0
DA:27,0
DA:28,0
DA:31,0
DA:34,1
DA:35,0
DA:36,0
DA:37,0
DA:38,0
DA:39,0
DA:40,0
DA:42,0
DA:45,0
DA:48,1
DA:49,0
DA:50,0
DA:51,0
DA:52,0
DA:53,0
DA:54,0
DA:55,0
DA:57,0
DA:60,0
DA:63,1
DA:64,0
DA:65,0
DA:66,0
DA:67,0
DA:68,0
DA:69,0
DA:72,0
LF:46
LH:7
BRDA:17,0,0,0
BRDA:17,0,1,0
BRDA:53,1,0,0
BRDA:53,1,1,0
BRDA:67,2,0,0
BRDA:67,2,1,0
BRF:6
BRH:0
end_of_record
TN:
SF:dist/controllers/review.controller.js
FN:3,(anonymous_0)
FN:6,(anonymous_1)
FN:14,(anonymous_2)
FN:28,(anonymous_3)
FN:43,(anonymous_4)
FN:62,(anonymous_5)
FNF:6
FNH:5
FNDA:1,(anonymous_0)
FNDA:2,(anonymous_1)
FNDA:0,(anonymous_2)
FNDA:1,(anonymous_3)
FNDA:1,(anonymous_4)
FNDA:1,(anonymous_5)
DA:4,1
DA:6,1
DA:7,2
DA:8,2
DA:12,2
DA:14,1
DA:15,0
DA:16,0
DA:20,0
DA:21,0
DA:22,0
DA:25,0
DA:28,1
DA:29,1
DA:30,1
DA:31,1
DA:32,1
DA:33,1
DA:37,1
DA:40,0
DA:43,1
DA:44,1
DA:45,1
DA:46,1
DA:50,1
DA:51,0
DA:52,0
DA:55,1
DA:59,0
DA:62,1
DA:63,1
DA:64,1
DA:65,1
DA:66,0
DA:67,0
DA:70,1
LF:36
LH:24
BRDA:20,0,0,0
BRDA:20,0,1,0
BRDA:50,1,0,0
BRDA:50,1,1,1
BRDA:65,2,0,0
BRDA:65,2,1,1
BRF:6
BRH:2
end_of_record
TN:
SF:dist/controllers/user.controller.js
FN:4,(anonymous_0)
FN:7,(anonymous_1)
FN:12,(anonymous_2)
FN:25,(anonymous_3)
FN:40,(anonymous_4)
FN:56,(anonymous_5)
FN:67,(anonymous_6)
FNF:7
FNH:1
FNDA:1,(anonymous_0)
FNDA:0,(anonymous_1)
FNDA:0,(anonymous_2)
FNDA:0,(anonymous_3)
FNDA:0,(anonymous_4)
FNDA:0,(anonymous_5)
FNDA:0,(anonymous_6)
DA:5,1
DA:7,1
DA:8,0
DA:9,0
DA:10,0
DA:12,1
DA:13,0
DA:14,0
DA:17,0
DA:18,0
DA:19,0
DA:22,0
DA:25,1
DA:27,0
DA:28,0
DA:29,0
DA:32,0
DA:33,0
DA:34,0
DA:36,0
DA:37,0
DA:38,0
DA:40,1
DA:41,0
DA:42,0
DA:43,0
DA:44,0
DA:45,0
DA:46,0
DA:49,0
DA:53,0
DA:56,1
DA:57,0
DA:58,0
DA:59,0
DA:60,0
DA:61,0
DA:64,0
DA:67,1
DA:68,0
DA:71,0
DA:73,0
DA:74,0
DA:75,0
DA:76,0
DA:78,0
DA:83,0
DA:84,0
DA:85,0
DA:86,0
LF:50
LH:7
BRDA:17,0,0,0
BRDA:17,0,1,0
BRDA:44,1,0,0
BRDA:44,1,1,0
BRDA:59,2,0,0
BRDA:59,2,1,0
BRDA:71,3,0,0
BRDA:71,3,1,0
BRDA:71,4,0,0
BRDA:71,4,1,0
BRF:10
BRH:0
end_of_record
TN:
SF:dist/db/init.db.js
FN:142,(anonymous_0)
FN:160,(anonymous_1)
FN:166,(anonymous_2)
FNF:3
FNH:3
FNDA:1,(anonymous_0)
FNDA:3,(anonymous_1)
FNDA:3,(anonymous_2)
DA:7,1
DA:33,1
DA:50,1
DA:142,1
DA:143,1
DA:144,1
DA:145,1
DA:146,1
DA:160,1
DA:161,3
DA:163,1
DA:164,1
DA:165,1
DA:166,1
DA:167,3
DA:168,3
DA:174,1
DA:175,1
DA:176,1
LF:19
LH:19
BRF:0
BRH:0
end_of_record
TN:
SF:dist/db/mongoose.js
FN:4,(anonymous_0)
FNF:1
FNH:1
FNDA:9,(anonymous_0)
DA:3,1
DA:4,1
DA:5,9
DA:8,9
DA:9,9
LF:5
LH:5
BRDA:5,0,0,9
BRDA:5,0,1,0
BRF:2
BRH:1
end_of_record
TN:
SF:dist/middleware/login-required.js
FN:2,(anonymous_0)
FNF:1
FNH:1
FNDA:3,(anonymous_0)
DA:2,1
DA:3,3
DA:5,3
DA:6,3
DA:8,3
DA:9,3
DA:10,3
DA:11,3
DA:12,0
DA:15,3
DA:16,3
DA:20,0
LF:12
LH:10
BRDA:8,0,0,3
BRDA:8,0,1,0
BRDA:8,1,0,3
BRDA:8,1,1,3
BRDA:11,2,0,0
BRDA:11,2,1,3
BRF:6
BRH:4
end_of_record
TN:
SF:dist/middleware/user-required.js
FN:2,(anonymous_0)
FNF:1
FNH:1
FNDA:3,(anonymous_0)
DA:2,1
DA:3,3
DA:4,3
DA:5,3
DA:6,0
DA:7,0
DA:8,0
DA:10,3
LF:8
LH:5
BRDA:5,0,0,0
BRDA:5,0,1,3
BRDA:5,1,0,3
BRDA:5,1,1,3
BRF:4
BRH:3
end_of_record
TN:
SF:dist/models/game.model.js
FN:3,(anonymous_0)
FNF:1
FNH:1
FNDA:1,(anonymous_0)
DA:3,1
DA:4,1
DA:6,1
DA:25,1
LF:4
LH:4
BRF:0
BRH:0
end_of_record
TN:
SF:dist/models/review.model.js
FN:3,(anonymous_0)
FNF:1
FNH:1
FNDA:1,(anonymous_0)
DA:3,1
DA:4,1
DA:6,1
DA:23,1
LF:4
LH:4
BRF:0
BRH:0
end_of_record
TN:
SF:dist/models/user.model.js
FN:3,(anonymous_0)
FNF:1
FNH:1
FNDA:1,(anonymous_0)
DA:3,1
DA:4,1
DA:6,1
DA:36,1
LF:4
LH:4
BRF:0
BRH:0
end_of_record
TN:
SF:dist/routers/game.router.js
FNF:0
FNH:0
DA:4,1
DA:5,1
DA:6,1
DA:7,1
DA:8,1
DA:9,1
DA:10,1
DA:11,1
LF:8
LH:8
BRF:0
BRH:0
end_of_record
TN:
SF:dist/routers/review.router.js
FNF:0
FNH:0
DA:6,1
DA:7,1
DA:8,1
DA:9,1
DA:10,1
DA:11,1
DA:12,1
LF:7
LH:7
BRF:0
BRH:0
end_of_record
TN:
SF:dist/routers/user.router.js
FNF:0
FNH:0
DA:6,1
DA:7,1
DA:8,1
DA:9,1
DA:10,1
DA:11,1
DA:12,1
DA:13,1
LF:8
LH:8
BRF:0
BRH:0
end_of_record
